<?xml version="1.0" encoding="UTF-8"?>
<testsuite xmlns:xsi="http://www.w3.org/2001/XMLSchema-instance" xsi:noNamespaceSchemaLocation="https://maven.apache.org/surefire/maven-surefire-plugin/xsd/surefire-test-report-3.0.xsd" version="3.0" name="com.yourcompany.docgen.DataParserTest" time="0.287" tests="3" errors="0" skipped="0" failures="0">
  <properties>
[...]
</properties>
  <testcase name="testParseValidJsonArray" classname="com.yourcompany.docgen.DataParserTest" time="0.261"/>
  <testcase name="testParseInvalidJson" classname="com.yourcompany.docgen.DataParserTest" time="0.004"/>
  <testcase name="testParseEmptyArray" classname="com.yourcompany.docgen.DataParserTest" time="0.003"/>
</testsuite>